<?xml version="1.0" encoding="UTF-8"?>
<!-- Generated by org.testng.reporters.JUnitReportReporter -->
<testsuite hostname="Bruno" failures="0" tests="3" name="runner.Runner" time="14.437" errors="0" timestamp="2023-01-24T10:02:30 BRT" skipped="0">
  <testcase classname="runner.Runner" name="runScenario" time="4.847"/>
  <system-out/>
  <testcase classname="runner.Runner" name="runScenario" time="4.726"/>
  <system-out/>
  <testcase classname="runner.Runner" name="runScenario" time="4.864"/>
  <system-out/>
</testsuite> <!-- runner.Runner -->
